<?xml version="1.0" encoding="UTF-8"?>
<!-- Generated by org.testng.reporters.JUnitXMLReporter -->
<testsuite hostname="thunderdome" name="Method Test Cases" tests="3" failures="0" timestamp="28 Jan 2016 09:59:17 GMT" time="4.553" errors="0">
  <testcase name="testGoogleSearch" time="0.012" classname="com.wordpressTest.tests.OptionalParamExample"/>
  <testcase name="testOptionParamOne" time="0.001" classname="com.wordpressTest.tests.OptionalParamExample"/>
  <testcase name="testOptionParamTwo" time="0.001" classname="com.wordpressTest.tests.OptionalParamExample"/>
</testsuite> <!-- Method Test Cases -->
