<?xml version="1.0" encoding="UTF-8"?>
<!-- Generated by org.testng.reporters.JUnitXMLReporter -->
<testsuite hostname="thunderdome" name="OptionalParamExample" tests="3" failures="0" timestamp="28 Jan 2016 14:51:10 GMT" time="4.462" errors="0">
  <testcase name="testGoogleSearch" time="0.012" classname="com.wordpressTest.tests.OptionalParamExample"/>
  <testcase name="testOptionParamOne" time="0.001" classname="com.wordpressTest.tests.OptionalParamExample"/>
  <testcase name="testOptionParamTwo" time="0.001" classname="com.wordpressTest.tests.OptionalParamExample"/>
</testsuite> <!-- OptionalParamExample -->
