<?xml version="1.0" encoding="UTF-8"?>
<testng-results skipped="0" failed="0" total="1" passed="1">
  <reporter-output>
  </reporter-output>
  <suite name="Command line suite" duration-ms="6483" started-at="2015-11-24T16:58:11Z" finished-at="2015-11-24T16:58:18Z">
    <groups>
      <group name="smoke">
        <method signature="VerifyTitleTest.testGoogleTitle()[pri:0, instance:com.newregression.tests.VerifyTitleTest@234bef66]" name="testGoogleTitle" class="com.newregression.tests.VerifyTitleTest"/>
      </group> <!-- smoke -->
    </groups>
    <test name="Command line test" duration-ms="6483" started-at="2015-11-24T16:58:11Z" finished-at="2015-11-24T16:58:18Z">
      <class name="com.newregression.tests.VerifyTitleTest">
        <test-method status="PASS" signature="setup()[pri:0, instance:com.newregression.tests.VerifyTitleTest@234bef66]" name="setup" is-config="true" duration-ms="3856" started-at="2015-11-24T16:58:11Z" finished-at="2015-11-24T16:58:15Z">
          <reporter-output>
          </reporter-output>
        </test-method> <!-- setup -->
        <test-method status="PASS" signature="testGoogleTitle()[pri:0, instance:com.newregression.tests.VerifyTitleTest@234bef66]" name="testGoogleTitle" duration-ms="2561" started-at="2015-11-24T16:58:15Z" finished-at="2015-11-24T16:58:18Z">
          <reporter-output>
          </reporter-output>
        </test-method> <!-- testGoogleTitle -->
        <test-method status="PASS" signature="closeBrowser()[pri:0, instance:com.newregression.tests.VerifyTitleTest@234bef66]" name="closeBrowser" is-config="true" duration-ms="53" started-at="2015-11-24T16:58:18Z" finished-at="2015-11-24T16:58:18Z">
          <reporter-output>
          </reporter-output>
        </test-method> <!-- closeBrowser -->
      </class> <!-- com.newregression.tests.VerifyTitleTest -->
    </test> <!-- Command line test -->
  </suite> <!-- Command line suite -->
</testng-results>
